<?xml version="1.0" encoding="UTF-8"?>
<testsuite xmlns:xsi="http://www.w3.org/2001/XMLSchema-instance" xsi:noNamespaceSchemaLocation="https://maven.apache.org/surefire/maven-surefire-plugin/xsd/surefire-test-report-3.0.xsd" version="3.0" name="com.example.demo5.Demo5ApplicationTests" time="6.402" tests="1" errors="0" skipped="0" failures="0">
  <properties>
[...]
</properties>
  <testcase name="contextLoads" classname="com.example.demo5.Demo5ApplicationTests" time="2.793">
    <system-out><![CDATA[22:15:15.868 [main] INFO org.springframework.test.context.support.AnnotationConfigContextLoaderUtils -- Could not detect default configuration classes for test class [com.example.demo5.Demo5ApplicationTests]: Demo5ApplicationTests does not declare any static, non-private, non-final, nested classes annotated with @Configuration.
22:15:16.177 [main] INFO org.springframework.boot.test.context.SpringBootTestContextBootstrapper -- Found @SpringBootConfiguration com.example.demo5.Demo5Application for test class com.example.demo5.Demo5ApplicationTests

  .   ____          _            __ _ _
 /\\ / ___'_ __ _ _(_)_ __  __ _ \ \ \ \
( ( )\___ | '_ | '_| | '_ \/ _` | \ \ \ \
 \\/  ___)| |_)| | | | | || (_| |  ) ) ) )
  '  |____| .__|_| |_|_| |_\__, | / / / /
 =========|_|==============|___/=/_/_/_/
 :: Spring Boot ::                (v3.2.0)

2023-11-28T22:15:17.091+05:30  INFO 11348 --- [           main] c.example.demo5.Demo5ApplicationTests    : Starting Demo5ApplicationTests using Java 20.0.1 with PID 11348 (started by USER in C:\Users\USER\eclipse-workspace\demo5)
2023-11-28T22:15:17.095+05:30  INFO 11348 --- [           main] c.example.demo5.Demo5ApplicationTests    : No active profile set, falling back to 1 default profile: "default"
2023-11-28T22:15:18.641+05:30  INFO 11348 --- [           main] c.example.demo5.Demo5ApplicationTests    : Started Demo5ApplicationTests in 2.129 seconds (process running for 5.366)
]]></system-out>
  </testcase>
</testsuite>